<?xml version="1.0" encoding="UTF-8"?>
<!-- Generated by org.testng.reporters.JUnitReportReporter -->
<testsuite hostname="administrador-Lenovo-ideapad-330S-15IKB" failures="0" tests="2" name="com.herokuapp.theinternet.loginpagetests.NegativeLogInTests" time="35.192" errors="0" timestamp="09 oct 2021 19:34:11 GMT" skipped="0">
  <testcase classname="com.herokuapp.theinternet.loginpagetests.NegativeLogInTests" name="negativeTest" time="27.774"/>
  <testcase classname="com.herokuapp.theinternet.loginpagetests.NegativeLogInTests" name="negativeTest" time="7.418"/>
</testsuite> <!-- com.herokuapp.theinternet.loginpagetests.NegativeLogInTests -->
