<?xml version="1.0" encoding="UTF-8"?>
<!-- Generated by org.testng.reporters.JUnitReportReporter -->
<testsuite hostname="administrador-Lenovo-ideapad-330S-15IKB" failures="0" tests="1" name="com.herokuapp.theinternet.uploadtests.UploadTests" time="5.741" errors="0" timestamp="09 oct 2021 19:12:40 GMT" skipped="0">
  <testcase classname="com.herokuapp.theinternet.uploadtests.UploadTests" name="imageUploadTest" time="5.741"/>
</testsuite> <!-- com.herokuapp.theinternet.uploadtests.UploadTests -->
