<?xml version="1.0" encoding="UTF-8"?>
<!-- Generated by org.testng.reporters.JUnitReportReporter -->
<testsuite hostname="administrador-Lenovo-ideapad-330S-15IKB" failures="0" tests="2" name="com.herokuapp.theinternet.loginpagetests.NegativeLogInTests" time="37.765" errors="0" timestamp="09 oct 2021 19:20:14 GMT" skipped="0">
  <testcase classname="com.herokuapp.theinternet.loginpagetests.NegativeLogInTests" name="negativeTest" time="30.454"/>
  <testcase classname="com.herokuapp.theinternet.loginpagetests.NegativeLogInTests" name="negativeTest" time="7.311"/>
</testsuite> <!-- com.herokuapp.theinternet.loginpagetests.NegativeLogInTests -->
